Analysis & Synthesis report for floating_point_adder
Mon Jul 19 15:35:47 2021
Quartus Prime Version 18.1.0 Build 625 09/12/2018 SJ Lite Edition


---------------------
; Table of Contents ;
---------------------
  1. Legal Notice
  2. Analysis & Synthesis Summary
  3. Analysis & Synthesis Settings
  4. Parallel Compilation
  5. Analysis & Synthesis Source Files Read
  6. Analysis & Synthesis Resource Usage Summary
  7. Analysis & Synthesis Resource Utilization by Entity
  8. State Machine - |checker2|state
  9. State Machine - |checker2|floating_point_adder:fpa|state
 10. Registers Removed During Synthesis
 11. Removed Registers Triggering Further Register Optimizations
 12. General Register Statistics
 13. Inverted Register Statistics
 14. Multiplexer Restructuring Statistics (Restructuring Performed)
 15. Parameter Settings for User Entity Instance: Top-level Entity: |checker2
 16. Post-Synthesis Netlist Statistics for Top Partition
 17. Elapsed Time Per Partition
 18. Analysis & Synthesis Messages
 19. Analysis & Synthesis Suppressed Messages



----------------
; Legal Notice ;
----------------
Copyright (C) 2018  Intel Corporation. All rights reserved.
Your use of Intel Corporation's design tools, logic functions 
and other software and tools, and its AMPP partner logic 
functions, and any output files from any of the foregoing 
(including device programming or simulation files), and any 
associated documentation or information are expressly subject 
to the terms and conditions of the Intel Program License 
Subscription Agreement, the Intel Quartus Prime License Agreement,
the Intel FPGA IP License Agreement, or other applicable license
agreement, including, without limitation, that your use is for
the sole purpose of programming logic devices manufactured by
Intel and sold by Intel or its authorized distributors.  Please
refer to the applicable agreement for further details.



+----------------------------------------------------------------------------------+
; Analysis & Synthesis Summary                                                     ;
+------------------------------------+---------------------------------------------+
; Analysis & Synthesis Status        ; Successful - Mon Jul 19 15:35:47 2021       ;
; Quartus Prime Version              ; 18.1.0 Build 625 09/12/2018 SJ Lite Edition ;
; Revision Name                      ; floating_point_adder                        ;
; Top-level Entity Name              ; checker2                                    ;
; Family                             ; Cyclone IV E                                ;
; Total logic elements               ; 168                                         ;
;     Total combinational functions  ; 146                                         ;
;     Dedicated logic registers      ; 88                                          ;
; Total registers                    ; 88                                          ;
; Total pins                         ; 3                                           ;
; Total virtual pins                 ; 0                                           ;
; Total memory bits                  ; 0                                           ;
; Embedded Multiplier 9-bit elements ; 0                                           ;
; Total PLLs                         ; 0                                           ;
+------------------------------------+---------------------------------------------+


+--------------------------------------------------------------------------------------------------------------+
; Analysis & Synthesis Settings                                                                                ;
+------------------------------------------------------------------+--------------------+----------------------+
; Option                                                           ; Setting            ; Default Value        ;
+------------------------------------------------------------------+--------------------+----------------------+
; Device                                                           ; EP4CE22F17C6       ;                      ;
; Top-level entity name                                            ; checker2           ; floating_point_adder ;
; Family name                                                      ; Cyclone IV E       ; Cyclone V            ;
; Use smart compilation                                            ; Off                ; Off                  ;
; Enable parallel Assembler and Timing Analyzer during compilation ; On                 ; On                   ;
; Enable compact report table                                      ; Off                ; Off                  ;
; Restructure Multiplexers                                         ; Auto               ; Auto                 ;
; Create Debugging Nodes for IP Cores                              ; Off                ; Off                  ;
; Preserve fewer node names                                        ; On                 ; On                   ;
; Intel FPGA IP Evaluation Mode                                    ; Enable             ; Enable               ;
; Verilog Version                                                  ; Verilog_2001       ; Verilog_2001         ;
; VHDL Version                                                     ; VHDL_1993          ; VHDL_1993            ;
; State Machine Processing                                         ; Auto               ; Auto                 ;
; Safe State Machine                                               ; Off                ; Off                  ;
; Extract Verilog State Machines                                   ; On                 ; On                   ;
; Extract VHDL State Machines                                      ; On                 ; On                   ;
; Ignore Verilog initial constructs                                ; Off                ; Off                  ;
; Iteration limit for constant Verilog loops                       ; 5000               ; 5000                 ;
; Iteration limit for non-constant Verilog loops                   ; 250                ; 250                  ;
; Add Pass-Through Logic to Inferred RAMs                          ; On                 ; On                   ;
; Infer RAMs from Raw Logic                                        ; On                 ; On                   ;
; Parallel Synthesis                                               ; On                 ; On                   ;
; DSP Block Balancing                                              ; Auto               ; Auto                 ;
; NOT Gate Push-Back                                               ; On                 ; On                   ;
; Power-Up Don't Care                                              ; On                 ; On                   ;
; Remove Redundant Logic Cells                                     ; Off                ; Off                  ;
; Remove Duplicate Registers                                       ; On                 ; On                   ;
; Ignore CARRY Buffers                                             ; Off                ; Off                  ;
; Ignore CASCADE Buffers                                           ; Off                ; Off                  ;
; Ignore GLOBAL Buffers                                            ; Off                ; Off                  ;
; Ignore ROW GLOBAL Buffers                                        ; Off                ; Off                  ;
; Ignore LCELL Buffers                                             ; Off                ; Off                  ;
; Ignore SOFT Buffers                                              ; On                 ; On                   ;
; Limit AHDL Integers to 32 Bits                                   ; Off                ; Off                  ;
; Optimization Technique                                           ; Balanced           ; Balanced             ;
; Carry Chain Length                                               ; 70                 ; 70                   ;
; Auto Carry Chains                                                ; On                 ; On                   ;
; Auto Open-Drain Pins                                             ; On                 ; On                   ;
; Perform WYSIWYG Primitive Resynthesis                            ; Off                ; Off                  ;
; Auto ROM Replacement                                             ; On                 ; On                   ;
; Auto RAM Replacement                                             ; On                 ; On                   ;
; Auto DSP Block Replacement                                       ; On                 ; On                   ;
; Auto Shift Register Replacement                                  ; Auto               ; Auto                 ;
; Allow Shift Register Merging across Hierarchies                  ; Auto               ; Auto                 ;
; Auto Clock Enable Replacement                                    ; On                 ; On                   ;
; Strict RAM Replacement                                           ; Off                ; Off                  ;
; Allow Synchronous Control Signals                                ; On                 ; On                   ;
; Force Use of Synchronous Clear Signals                           ; Off                ; Off                  ;
; Auto RAM Block Balancing                                         ; On                 ; On                   ;
; Auto RAM to Logic Cell Conversion                                ; Off                ; Off                  ;
; Auto Resource Sharing                                            ; Off                ; Off                  ;
; Allow Any RAM Size For Recognition                               ; Off                ; Off                  ;
; Allow Any ROM Size For Recognition                               ; Off                ; Off                  ;
; Allow Any Shift Register Size For Recognition                    ; Off                ; Off                  ;
; Use LogicLock Constraints during Resource Balancing              ; On                 ; On                   ;
; Ignore translate_off and synthesis_off directives                ; Off                ; Off                  ;
; Timing-Driven Synthesis                                          ; On                 ; On                   ;
; Report Parameter Settings                                        ; On                 ; On                   ;
; Report Source Assignments                                        ; On                 ; On                   ;
; Report Connectivity Checks                                       ; On                 ; On                   ;
; Ignore Maximum Fan-Out Assignments                               ; Off                ; Off                  ;
; Synchronization Register Chain Length                            ; 2                  ; 2                    ;
; Power Optimization During Synthesis                              ; Normal compilation ; Normal compilation   ;
; HDL message level                                                ; Level2             ; Level2               ;
; Suppress Register Optimization Related Messages                  ; Off                ; Off                  ;
; Number of Removed Registers Reported in Synthesis Report         ; 5000               ; 5000                 ;
; Number of Swept Nodes Reported in Synthesis Report               ; 5000               ; 5000                 ;
; Number of Inverted Registers Reported in Synthesis Report        ; 100                ; 100                  ;
; Clock MUX Protection                                             ; On                 ; On                   ;
; Auto Gated Clock Conversion                                      ; Off                ; Off                  ;
; Block Design Naming                                              ; Auto               ; Auto                 ;
; SDC constraint protection                                        ; Off                ; Off                  ;
; Synthesis Effort                                                 ; Auto               ; Auto                 ;
; Shift Register Replacement - Allow Asynchronous Clear Signal     ; On                 ; On                   ;
; Pre-Mapping Resynthesis Optimization                             ; Off                ; Off                  ;
; Analysis & Synthesis Message Level                               ; Medium             ; Medium               ;
; Disable Register Merging Across Hierarchies                      ; Auto               ; Auto                 ;
; Resource Aware Inference For Block RAM                           ; On                 ; On                   ;
+------------------------------------------------------------------+--------------------+----------------------+


+------------------------------------------+
; Parallel Compilation                     ;
+----------------------------+-------------+
; Processors                 ; Number      ;
+----------------------------+-------------+
; Number detected on machine ; 8           ;
; Maximum allowed            ; 8           ;
;                            ;             ;
; Average used               ; 1.00        ;
; Maximum used               ; 8           ;
;                            ;             ;
; Usage by Processor         ; % Time Used ;
;     Processor 1            ; 100.0%      ;
;     Processors 2-8         ;   0.0%      ;
+----------------------------+-------------+


+----------------------------------------------------------------------------------------------------------------------------------------------------------+
; Analysis & Synthesis Source Files Read                                                                                                                   ;
+----------------------------------+-----------------+------------------------+------------------------------------------------------------------+---------+
; File Name with User-Entered Path ; Used in Netlist ; File Type              ; File Name with Absolute Path                                     ; Library ;
+----------------------------------+-----------------+------------------------+------------------------------------------------------------------+---------+
; floating_point_adder.v           ; yes             ; User Verilog HDL File  ; D:/IITB Files/Sem IV/VLSI Design Lab/Lab2/floating_point_adder.v ;         ;
; checker2.v                       ; yes             ; User Verilog HDL File  ; D:/IITB Files/Sem IV/VLSI Design Lab/Lab2/checker2.v             ;         ;
+----------------------------------+-----------------+------------------------+------------------------------------------------------------------+---------+


+---------------------------------------------------------+
; Analysis & Synthesis Resource Usage Summary             ;
+---------------------------------------------+-----------+
; Resource                                    ; Usage     ;
+---------------------------------------------+-----------+
; Estimated Total logic elements              ; 168       ;
;                                             ;           ;
; Total combinational functions               ; 146       ;
; Logic element usage by number of LUT inputs ;           ;
;     -- 4 input functions                    ; 60        ;
;     -- 3 input functions                    ; 40        ;
;     -- <=2 input functions                  ; 46        ;
;                                             ;           ;
; Logic elements by mode                      ;           ;
;     -- normal mode                          ; 136       ;
;     -- arithmetic mode                      ; 10        ;
;                                             ;           ;
; Total registers                             ; 88        ;
;     -- Dedicated logic registers            ; 88        ;
;     -- I/O registers                        ; 0         ;
;                                             ;           ;
; I/O pins                                    ; 3         ;
;                                             ;           ;
; Embedded Multiplier 9-bit elements          ; 0         ;
;                                             ;           ;
; Maximum fan-out node                        ; clk~input ;
; Maximum fan-out                             ; 88        ;
; Total fan-out                               ; 710       ;
; Average fan-out                             ; 2.96      ;
+---------------------------------------------+-----------+


+-------------------------------------------------------------------------------------------------------------------------------------------------------------------------------------------------------------------------------------+
; Analysis & Synthesis Resource Utilization by Entity                                                                                                                                                                                 ;
+-------------------------------+---------------------+---------------------------+-------------+--------------+---------+-----------+------+--------------+------------------------------------+----------------------+--------------+
; Compilation Hierarchy Node    ; Combinational ALUTs ; Dedicated Logic Registers ; Memory Bits ; DSP Elements ; DSP 9x9 ; DSP 18x18 ; Pins ; Virtual Pins ; Full Hierarchy Name                ; Entity Name          ; Library Name ;
+-------------------------------+---------------------+---------------------------+-------------+--------------+---------+-----------+------+--------------+------------------------------------+----------------------+--------------+
; |checker2                     ; 146 (17)            ; 88 (10)                   ; 0           ; 0            ; 0       ; 0         ; 3    ; 0            ; |checker2                          ; checker2             ; work         ;
;    |floating_point_adder:fpa| ; 129 (129)           ; 78 (78)                   ; 0           ; 0            ; 0       ; 0         ; 0    ; 0            ; |checker2|floating_point_adder:fpa ; floating_point_adder ; work         ;
+-------------------------------+---------------------+---------------------------+-------------+--------------+---------+-----------+------+--------------+------------------------------------+----------------------+--------------+
Note: For table entries with two numbers listed, the numbers in parentheses indicate the number of resources of the given type used by the specific entity alone. The numbers listed outside of parentheses indicate the total resources of the given type used by the specific entity and all of its sub-entities in the hierarchy.


Encoding Type:  One-Hot
+----------------------------------------------------------------------+
; State Machine - |checker2|state                                      ;
+---------------+------------+---------------+-------------+-----------+
; Name          ; state.DONE ; state.waiting ; state.issue ; state.RDY ;
+---------------+------------+---------------+-------------+-----------+
; state.RDY     ; 0          ; 0             ; 0           ; 0         ;
; state.issue   ; 0          ; 0             ; 1           ; 1         ;
; state.waiting ; 0          ; 1             ; 0           ; 1         ;
; state.DONE    ; 1          ; 0             ; 0           ; 1         ;
+---------------+------------+---------------+-------------+-----------+


Encoding Type:  One-Hot
+-----------------------------------------------------------------------------------------------------------+
; State Machine - |checker2|floating_point_adder:fpa|state                                                  ;
+--------------+------------+-------------+-------------+----------+--------------+-------------+-----------+
; Name         ; state.RSLT ; state.WRITE ; state.SHIFT ; state.OP ; state.NEGPOS ; state.START ; state.RDY ;
+--------------+------------+-------------+-------------+----------+--------------+-------------+-----------+
; state.RDY    ; 0          ; 0           ; 0           ; 0        ; 0            ; 0           ; 0         ;
; state.START  ; 0          ; 0           ; 0           ; 0        ; 0            ; 1           ; 1         ;
; state.NEGPOS ; 0          ; 0           ; 0           ; 0        ; 1            ; 0           ; 1         ;
; state.OP     ; 0          ; 0           ; 0           ; 1        ; 0            ; 0           ; 1         ;
; state.SHIFT  ; 0          ; 0           ; 1           ; 0        ; 0            ; 0           ; 1         ;
; state.WRITE  ; 0          ; 1           ; 0           ; 0        ; 0            ; 0           ; 1         ;
; state.RSLT   ; 1          ; 0           ; 0           ; 0        ; 0            ; 0           ; 1         ;
+--------------+------------+-------------+-------------+----------+--------------+-------------+-----------+


+---------------------------------------------------------------------------------------------------------+
; Registers Removed During Synthesis                                                                      ;
+----------------------------------------------------+----------------------------------------------------+
; Register name                                      ; Reason for Removal                                 ;
+----------------------------------------------------+----------------------------------------------------+
; expected_result[7..9]                              ; Stuck at GND due to stuck port data_in             ;
; expected_result[6]                                 ; Stuck at VCC due to stuck port data_in             ;
; expected_result[0..4,10,11]                        ; Stuck at GND due to stuck port data_in             ;
; expected_result[12]                                ; Stuck at VCC due to stuck port data_in             ;
; expected_result[13]                                ; Stuck at GND due to stuck port data_in             ;
; expected_result[14]                                ; Stuck at VCC due to stuck port data_in             ;
; expected_result[15]                                ; Stuck at GND due to stuck port data_in             ;
; number2[0..5,8,9]                                  ; Stuck at GND due to stuck port data_in             ;
; number2[10,11]                                     ; Stuck at VCC due to stuck port data_in             ;
; number2[12,13]                                     ; Stuck at GND due to stuck port data_in             ;
; number2[14]                                        ; Stuck at VCC due to stuck port data_in             ;
; number2[15]                                        ; Stuck at GND due to stuck port data_in             ;
; number1[0..5]                                      ; Stuck at GND due to stuck port data_in             ;
; number1[6]                                         ; Stuck at VCC due to stuck port data_in             ;
; number1[7..9]                                      ; Stuck at GND due to stuck port data_in             ;
; number1[10,11]                                     ; Stuck at VCC due to stuck port data_in             ;
; number1[12,13]                                     ; Stuck at GND due to stuck port data_in             ;
; number1[14]                                        ; Stuck at VCC due to stuck port data_in             ;
; number1[15]                                        ; Stuck at GND due to stuck port data_in             ;
; floating_point_adder:fpa|resultsign                ; Stuck at GND due to stuck port data_in             ;
; floating_point_adder:fpa|smallshift[0,1]           ; Stuck at GND due to stuck port data_in             ;
; floating_point_adder:fpa|smallshift[2]             ; Stuck at VCC due to stuck port data_in             ;
; floating_point_adder:fpa|smallshift[3..31]         ; Stuck at GND due to stuck port data_in             ;
; floating_point_adder:fpa|bigshift[0,1]             ; Stuck at GND due to stuck port data_in             ;
; floating_point_adder:fpa|bigshift[2]               ; Stuck at VCC due to stuck port data_in             ;
; floating_point_adder:fpa|bigshift[3..31]           ; Stuck at GND due to stuck port data_in             ;
; number2[7]                                         ; Merged with expected_result[5]                     ;
; floating_point_adder:fpa|result[15]                ; Stuck at GND due to stuck port data_in             ;
; number2[6]                                         ; Merged with expected_result[5]                     ;
; count[0]                                           ; Merged with expected_result[5]                     ;
; floating_point_adder:fpa|bigreg[0,2]               ; Merged with floating_point_adder:fpa|smallreg[0]   ;
; floating_point_adder:fpa|smallreg[3]               ; Merged with floating_point_adder:fpa|smallreg[0]   ;
; floating_point_adder:fpa|bigreg[1,3]               ; Merged with floating_point_adder:fpa|smallreg[0]   ;
; floating_point_adder:fpa|smallreg[1,2]             ; Merged with floating_point_adder:fpa|smallreg[0]   ;
; floating_point_adder:fpa|resultreg[0]              ; Stuck at GND due to stuck port data_in             ;
; floating_point_adder:fpa|resultreg[1,2]            ; Merged with floating_point_adder:fpa|resultreg[3]  ;
; floating_point_adder:fpa|smallreg[7]               ; Merged with floating_point_adder:fpa|smallreg[4]   ;
; floating_point_adder:fpa|bigreg[5..7]              ; Merged with floating_point_adder:fpa|smallreg[4]   ;
; floating_point_adder:fpa|smallreg[6]               ; Merged with floating_point_adder:fpa|smallreg[4]   ;
; floating_point_adder:fpa|bigreg[4]                 ; Merged with floating_point_adder:fpa|smallreg[4]   ;
; floating_point_adder:fpa|smallreg[5]               ; Merged with floating_point_adder:fpa|smallreg[4]   ;
; floating_point_adder:fpa|resultreg[3]              ; Merged with floating_point_adder:fpa|resultreg[4]  ;
; floating_point_adder:fpa|bigreg[8]                 ; Merged with floating_point_adder:fpa|smallreg[8]   ;
; floating_point_adder:fpa|smallreg[10]              ; Merged with floating_point_adder:fpa|smallreg[8]   ;
; floating_point_adder:fpa|bigreg[10]                ; Merged with floating_point_adder:fpa|smallreg[8]   ;
; floating_point_adder:fpa|smallreg[9]               ; Merged with floating_point_adder:fpa|smallreg[8]   ;
; floating_point_adder:fpa|bigreg[9,11]              ; Merged with floating_point_adder:fpa|smallreg[8]   ;
; floating_point_adder:fpa|smallreg[11]              ; Merged with floating_point_adder:fpa|smallreg[8]   ;
; floating_point_adder:fpa|bigreg[14]                ; Merged with floating_point_adder:fpa|smallreg[12]  ;
; floating_point_adder:fpa|smallreg[13,14]           ; Merged with floating_point_adder:fpa|smallreg[12]  ;
; floating_point_adder:fpa|bigreg[12,13]             ; Merged with floating_point_adder:fpa|smallreg[12]  ;
; floating_point_adder:fpa|bigreg[15]                ; Merged with floating_point_adder:fpa|smallreg[15]  ;
; floating_point_adder:fpa|smallreg[17]              ; Merged with floating_point_adder:fpa|smallreg[16]  ;
; floating_point_adder:fpa|bigreg[16]                ; Merged with floating_point_adder:fpa|smallreg[16]  ;
; floating_point_adder:fpa|smallreg[18]              ; Merged with floating_point_adder:fpa|smallreg[16]  ;
; floating_point_adder:fpa|bigreg[17,18]             ; Merged with floating_point_adder:fpa|smallreg[16]  ;
; floating_point_adder:fpa|bigreg[19]                ; Merged with floating_point_adder:fpa|smallreg[19]  ;
; floating_point_adder:fpa|bigreg[20,22]             ; Merged with floating_point_adder:fpa|smallreg[20]  ;
; floating_point_adder:fpa|bigreg[23]                ; Merged with floating_point_adder:fpa|smallreg[23]  ;
; floating_point_adder:fpa|bigreg[24]                ; Merged with floating_point_adder:fpa|smallreg[24]  ;
; floating_point_adder:fpa|bigreg[27]                ; Merged with floating_point_adder:fpa|smallreg[27]  ;
; floating_point_adder:fpa|bigreg[28]                ; Merged with floating_point_adder:fpa|smallreg[28]  ;
; floating_point_adder:fpa|bigreg[31]                ; Merged with floating_point_adder:fpa|smallreg[31]  ;
; floating_point_adder:fpa|bigreg[32]                ; Merged with floating_point_adder:fpa|smallreg[32]  ;
; floating_point_adder:fpa|bigreg[35]                ; Merged with floating_point_adder:fpa|smallreg[35]  ;
; floating_point_adder:fpa|bigreg[36]                ; Merged with floating_point_adder:fpa|smallreg[36]  ;
; floating_point_adder:fpa|bigreg[39]                ; Merged with floating_point_adder:fpa|smallreg[39]  ;
; floating_point_adder:fpa|bigreg[40]                ; Merged with floating_point_adder:fpa|smallreg[40]  ;
; floating_point_adder:fpa|resultreg[17,18]          ; Merged with floating_point_adder:fpa|resultreg[19] ;
; floating_point_adder:fpa|resultreg[13,14]          ; Merged with floating_point_adder:fpa|resultreg[15] ;
; floating_point_adder:fpa|resultreg[9..11]          ; Merged with floating_point_adder:fpa|resultreg[12] ;
; floating_point_adder:fpa|resultreg[5..7]           ; Merged with floating_point_adder:fpa|resultreg[8]  ;
; floating_point_adder:fpa|smallreg[0]               ; Stuck at GND due to stuck port data_in             ;
; floating_point_adder:fpa|resultreg[4]              ; Stuck at GND due to stuck port data_in             ;
; floating_point_adder:fpa|smallreg[4]               ; Stuck at GND due to stuck port data_in             ;
; floating_point_adder:fpa|resultreg[8]              ; Stuck at GND due to stuck port data_in             ;
; floating_point_adder:fpa|smallreg[8]               ; Stuck at GND due to stuck port data_in             ;
; floating_point_adder:fpa|resultreg[12]             ; Stuck at GND due to stuck port data_in             ;
; floating_point_adder:fpa|smallreg[12,15]           ; Stuck at GND due to stuck port data_in             ;
; floating_point_adder:fpa|resultreg[15,16]          ; Stuck at GND due to stuck port data_in             ;
; floating_point_adder:fpa|smallreg[16,19]           ; Stuck at GND due to stuck port data_in             ;
; floating_point_adder:fpa|resultreg[19,20]          ; Stuck at GND due to stuck port data_in             ;
; floating_point_adder:fpa|smallreg[20,23,27]        ; Stuck at GND due to stuck port data_in             ;
; floating_point_adder:fpa|bigreg[26]                ; Stuck at GND due to stuck port data_in             ;
; floating_point_adder:fpa|smallreg[24,31]           ; Stuck at GND due to stuck port data_in             ;
; floating_point_adder:fpa|bigreg[30]                ; Stuck at GND due to stuck port data_in             ;
; floating_point_adder:fpa|smallreg[28,35]           ; Stuck at GND due to stuck port data_in             ;
; floating_point_adder:fpa|bigreg[34]                ; Stuck at GND due to stuck port data_in             ;
; floating_point_adder:fpa|smallreg[32,39]           ; Stuck at GND due to stuck port data_in             ;
; floating_point_adder:fpa|bigreg[38]                ; Stuck at GND due to stuck port data_in             ;
; floating_point_adder:fpa|smallreg[36,40]           ; Stuck at GND due to stuck port data_in             ;
; state~6                                            ; Lost fanout                                        ;
; state~7                                            ; Lost fanout                                        ;
; state~8                                            ; Lost fanout                                        ;
; floating_point_adder:fpa|state~9                   ; Lost fanout                                        ;
; floating_point_adder:fpa|state~10                  ; Lost fanout                                        ;
; floating_point_adder:fpa|state~11                  ; Lost fanout                                        ;
; floating_point_adder:fpa|state~12                  ; Lost fanout                                        ;
; floating_point_adder:fpa|resultreg[24,28,32,36,40] ; Stuck at GND due to stuck port data_in             ;
; Total Number of Removed Registers = 214            ;                                                    ;
+----------------------------------------------------+----------------------------------------------------+


+-------------------------------------------------------------------------------------------------------------------------------+
; Removed Registers Triggering Further Register Optimizations                                                                   ;
+---------------+---------------------------+-----------------------------------------------------------------------------------+
; Register name ; Reason for Removal        ; Registers Removed due to This Register                                            ;
+---------------+---------------------------+-----------------------------------------------------------------------------------+
; number2[0]    ; Stuck at GND              ; floating_point_adder:fpa|resultsign, floating_point_adder:fpa|smallshift[0],      ;
;               ; due to stuck port data_in ; floating_point_adder:fpa|smallshift[1], floating_point_adder:fpa|smallshift[2],   ;
;               ;                           ; floating_point_adder:fpa|smallshift[3], floating_point_adder:fpa|smallshift[4],   ;
;               ;                           ; floating_point_adder:fpa|smallshift[5], floating_point_adder:fpa|smallshift[6],   ;
;               ;                           ; floating_point_adder:fpa|smallshift[7], floating_point_adder:fpa|smallshift[8],   ;
;               ;                           ; floating_point_adder:fpa|smallshift[9], floating_point_adder:fpa|smallshift[10],  ;
;               ;                           ; floating_point_adder:fpa|smallshift[11], floating_point_adder:fpa|smallshift[12], ;
;               ;                           ; floating_point_adder:fpa|smallshift[13], floating_point_adder:fpa|smallshift[14], ;
;               ;                           ; floating_point_adder:fpa|smallshift[15], floating_point_adder:fpa|smallshift[16], ;
;               ;                           ; floating_point_adder:fpa|smallshift[17], floating_point_adder:fpa|smallshift[18], ;
;               ;                           ; floating_point_adder:fpa|smallshift[19], floating_point_adder:fpa|smallshift[20], ;
;               ;                           ; floating_point_adder:fpa|smallshift[21], floating_point_adder:fpa|smallshift[22], ;
;               ;                           ; floating_point_adder:fpa|smallshift[23], floating_point_adder:fpa|smallshift[24], ;
;               ;                           ; floating_point_adder:fpa|smallshift[25], floating_point_adder:fpa|smallshift[26], ;
;               ;                           ; floating_point_adder:fpa|smallshift[27], floating_point_adder:fpa|smallshift[28], ;
;               ;                           ; floating_point_adder:fpa|smallshift[29], floating_point_adder:fpa|smallshift[30], ;
;               ;                           ; floating_point_adder:fpa|smallshift[31], floating_point_adder:fpa|bigshift[0],    ;
;               ;                           ; floating_point_adder:fpa|bigshift[1], floating_point_adder:fpa|bigshift[2],       ;
;               ;                           ; floating_point_adder:fpa|bigshift[3], floating_point_adder:fpa|bigshift[4],       ;
;               ;                           ; floating_point_adder:fpa|bigshift[5], floating_point_adder:fpa|bigshift[6],       ;
;               ;                           ; floating_point_adder:fpa|bigshift[7], floating_point_adder:fpa|bigshift[8],       ;
;               ;                           ; floating_point_adder:fpa|bigshift[9], floating_point_adder:fpa|bigshift[10],      ;
;               ;                           ; floating_point_adder:fpa|bigshift[11], floating_point_adder:fpa|bigshift[12],     ;
;               ;                           ; floating_point_adder:fpa|bigshift[13], floating_point_adder:fpa|bigshift[14],     ;
;               ;                           ; floating_point_adder:fpa|bigshift[15], floating_point_adder:fpa|bigshift[16],     ;
;               ;                           ; floating_point_adder:fpa|bigshift[17], floating_point_adder:fpa|bigshift[18],     ;
;               ;                           ; floating_point_adder:fpa|bigshift[19], floating_point_adder:fpa|bigshift[20],     ;
;               ;                           ; floating_point_adder:fpa|bigshift[21], floating_point_adder:fpa|bigshift[22],     ;
;               ;                           ; floating_point_adder:fpa|bigshift[23], floating_point_adder:fpa|bigshift[24],     ;
;               ;                           ; floating_point_adder:fpa|bigshift[25], floating_point_adder:fpa|bigshift[26],     ;
;               ;                           ; floating_point_adder:fpa|bigshift[27], floating_point_adder:fpa|bigshift[28],     ;
;               ;                           ; floating_point_adder:fpa|bigshift[29], floating_point_adder:fpa|bigshift[30],     ;
;               ;                           ; floating_point_adder:fpa|bigshift[31], floating_point_adder:fpa|result[15],       ;
;               ;                           ; floating_point_adder:fpa|smallreg[0], floating_point_adder:fpa|smallreg[4],       ;
;               ;                           ; floating_point_adder:fpa|smallreg[8], floating_point_adder:fpa|smallreg[15],      ;
;               ;                           ; floating_point_adder:fpa|smallreg[12], floating_point_adder:fpa|smallreg[19],     ;
;               ;                           ; floating_point_adder:fpa|smallreg[16], floating_point_adder:fpa|smallreg[23],     ;
;               ;                           ; floating_point_adder:fpa|smallreg[20], floating_point_adder:fpa|smallreg[27],     ;
;               ;                           ; floating_point_adder:fpa|bigreg[26], floating_point_adder:fpa|smallreg[24],       ;
;               ;                           ; floating_point_adder:fpa|smallreg[31], floating_point_adder:fpa|bigreg[30],       ;
;               ;                           ; floating_point_adder:fpa|smallreg[28], floating_point_adder:fpa|smallreg[35],     ;
;               ;                           ; floating_point_adder:fpa|bigreg[34], floating_point_adder:fpa|smallreg[32],       ;
;               ;                           ; floating_point_adder:fpa|smallreg[36]                                             ;
; number2[15]   ; Stuck at GND              ; floating_point_adder:fpa|resultreg[0], floating_point_adder:fpa|resultreg[4],     ;
;               ; due to stuck port data_in ; floating_point_adder:fpa|resultreg[8], floating_point_adder:fpa|resultreg[12],    ;
;               ;                           ; floating_point_adder:fpa|resultreg[15], floating_point_adder:fpa|resultreg[16],   ;
;               ;                           ; floating_point_adder:fpa|resultreg[19], floating_point_adder:fpa|resultreg[20],   ;
;               ;                           ; floating_point_adder:fpa|resultreg[36], floating_point_adder:fpa|resultreg[40],   ;
;               ;                           ; floating_point_adder:fpa|resultreg[24], floating_point_adder:fpa|resultreg[28],   ;
;               ;                           ; floating_point_adder:fpa|resultreg[32]                                            ;
+---------------+---------------------------+-----------------------------------------------------------------------------------+


+------------------------------------------------------+
; General Register Statistics                          ;
+----------------------------------------------+-------+
; Statistic                                    ; Value ;
+----------------------------------------------+-------+
; Total registers                              ; 88    ;
; Number of registers using Synchronous Clear  ; 2     ;
; Number of registers using Synchronous Load   ; 9     ;
; Number of registers using Asynchronous Clear ; 0     ;
; Number of registers using Asynchronous Load  ; 0     ;
; Number of registers using Clock Enable       ; 70    ;
; Number of registers using Preset             ; 0     ;
+----------------------------------------------+-------+


+--------------------------------------------------+
; Inverted Register Statistics                     ;
+----------------------------------------+---------+
; Inverted Register                      ; Fan out ;
+----------------------------------------+---------+
; expected_result[5]                     ; 7       ;
; Total number of inverted registers = 1 ;         ;
+----------------------------------------+---------+


+---------------------------------------------------------------------------------------------------------------------------------------------------------------+
; Multiplexer Restructuring Statistics (Restructuring Performed)                                                                                                ;
+--------------------+-----------+---------------+----------------------+------------------------+------------+-------------------------------------------------+
; Multiplexer Inputs ; Bus Width ; Baseline Area ; Area if Restructured ; Saving if Restructured ; Registered ; Example Multiplexer Output                      ;
+--------------------+-----------+---------------+----------------------+------------------------+------------+-------------------------------------------------+
; 4:1                ; 29 bits   ; 58 LEs        ; 29 LEs               ; 29 LEs                 ; Yes        ; |checker2|floating_point_adder:fpa|smallreg[31] ;
; 5:1                ; 7 bits    ; 21 LEs        ; 14 LEs               ; 7 LEs                  ; Yes        ; |checker2|floating_point_adder:fpa|smallreg[16] ;
; 5:1                ; 2 bits    ; 6 LEs         ; 4 LEs                ; 2 LEs                  ; Yes        ; |checker2|floating_point_adder:fpa|smallreg[22] ;
; 46:1               ; 6 bits    ; 180 LEs       ; 168 LEs              ; 12 LEs                 ; Yes        ; |checker2|floating_point_adder:fpa|pos[0]       ;
; 3:1                ; 4 bits    ; 8 LEs         ; 8 LEs                ; 0 LEs                  ; No         ; |checker2|floating_point_adder:fpa|Mux4         ;
; 4:1                ; 2 bits    ; 4 LEs         ; 4 LEs                ; 0 LEs                  ; No         ; |checker2|floating_point_adder:fpa|Mux4         ;
; 4:1                ; 3 bits    ; 6 LEs         ; 6 LEs                ; 0 LEs                  ; No         ; |checker2|floating_point_adder:fpa|Mux4         ;
; 4:1                ; 3 bits    ; 6 LEs         ; 6 LEs                ; 0 LEs                  ; No         ; |checker2|floating_point_adder:fpa|Mux4         ;
; 6:1                ; 3 bits    ; 12 LEs        ; 9 LEs                ; 3 LEs                  ; No         ; |checker2|floating_point_adder:fpa|Mux4         ;
+--------------------+-----------+---------------+----------------------+------------------------+------------+-------------------------------------------------+


+--------------------------------------------------------------------------+
; Parameter Settings for User Entity Instance: Top-level Entity: |checker2 ;
+----------------+-------+-------------------------------------------------+
; Parameter Name ; Value ; Type                                            ;
+----------------+-------+-------------------------------------------------+
; RDY            ; 000   ; Unsigned Binary                                 ;
; waiting        ; 010   ; Unsigned Binary                                 ;
; issue          ; 001   ; Unsigned Binary                                 ;
; DONE           ; 011   ; Unsigned Binary                                 ;
+----------------+-------+-------------------------------------------------+
Note: In order to hide this table in the UI and the text report file, please set the "Show Parameter Settings in Synthesis Report" option in "Analysis and Synthesis Settings -> More Settings" to "Off".


+-----------------------------------------------------+
; Post-Synthesis Netlist Statistics for Top Partition ;
+-----------------------+-----------------------------+
; Type                  ; Count                       ;
+-----------------------+-----------------------------+
; boundary_port         ; 3                           ;
; cycloneiii_ff         ; 88                          ;
;     ENA               ; 59                          ;
;     ENA SCLR          ; 2                           ;
;     ENA SLD           ; 9                           ;
;     plain             ; 18                          ;
; cycloneiii_lcell_comb ; 146                         ;
;     arith             ; 10                          ;
;         2 data inputs ; 5                           ;
;         3 data inputs ; 5                           ;
;     normal            ; 136                         ;
;         0 data inputs ; 5                           ;
;         1 data inputs ; 2                           ;
;         2 data inputs ; 34                          ;
;         3 data inputs ; 35                          ;
;         4 data inputs ; 60                          ;
;                       ;                             ;
; Max LUT depth         ; 5.00                        ;
; Average LUT depth     ; 2.60                        ;
+-----------------------+-----------------------------+


+-------------------------------+
; Elapsed Time Per Partition    ;
+----------------+--------------+
; Partition Name ; Elapsed Time ;
+----------------+--------------+
; Top            ; 00:00:01     ;
+----------------+--------------+


+-------------------------------+
; Analysis & Synthesis Messages ;
+-------------------------------+
Info: *******************************************************************
Info: Running Quartus Prime Analysis & Synthesis
    Info: Version 18.1.0 Build 625 09/12/2018 SJ Lite Edition
    Info: Processing started: Mon Jul 19 15:35:30 2021
Info: Command: quartus_map --read_settings_files=on --write_settings_files=off floating_point_adder -c floating_point_adder
Warning (18236): Number of processors has not been specified which may cause overloading on shared machines.  Set the global assignment NUM_PARALLEL_PROCESSORS in your QSF to an appropriate value for best performance.
Info (20030): Parallel compilation is enabled and will use 8 of the 8 processors detected
Info (12021): Found 1 design units, including 1 entities, in source file floating_point_adder.v
    Info (12023): Found entity 1: floating_point_adder File: D:/IITB Files/Sem IV/VLSI Design Lab/Lab2/floating_point_adder.v Line: 1
Info (12021): Found 1 design units, including 1 entities, in source file checker.v
    Info (12023): Found entity 1: checker File: D:/IITB Files/Sem IV/VLSI Design Lab/Lab2/checker.v Line: 1
Info (12021): Found 1 design units, including 1 entities, in source file checker2.v
    Info (12023): Found entity 1: checker2 File: D:/IITB Files/Sem IV/VLSI Design Lab/Lab2/checker2.v Line: 1
Info (12021): Found 1 design units, including 1 entities, in source file testbench.v
    Info (12023): Found entity 1: testbench File: D:/IITB Files/Sem IV/VLSI Design Lab/Lab2/testbench.v Line: 2
Info (12127): Elaborating entity "checker2" for the top level hierarchy
Warning (10230): Verilog HDL assignment warning at checker2.v(58): truncated value with size 32 to match size of target (3) File: D:/IITB Files/Sem IV/VLSI Design Lab/Lab2/checker2.v Line: 58
Info (12128): Elaborating entity "floating_point_adder" for hierarchy "floating_point_adder:fpa" File: D:/IITB Files/Sem IV/VLSI Design Lab/Lab2/checker2.v Line: 41
Warning (10764): Verilog HDL warning at floating_point_adder.v(94): converting signed shift amount to unsigned File: D:/IITB Files/Sem IV/VLSI Design Lab/Lab2/floating_point_adder.v Line: 94
Warning (10764): Verilog HDL warning at floating_point_adder.v(95): converting signed shift amount to unsigned File: D:/IITB Files/Sem IV/VLSI Design Lab/Lab2/floating_point_adder.v Line: 95
Warning (10764): Verilog HDL warning at floating_point_adder.v(97): converting signed shift amount to unsigned File: D:/IITB Files/Sem IV/VLSI Design Lab/Lab2/floating_point_adder.v Line: 97
Warning (10764): Verilog HDL warning at floating_point_adder.v(98): converting signed shift amount to unsigned File: D:/IITB Files/Sem IV/VLSI Design Lab/Lab2/floating_point_adder.v Line: 98
Warning (10230): Verilog HDL assignment warning at floating_point_adder.v(111): truncated value with size 32 to match size of target (6) File: D:/IITB Files/Sem IV/VLSI Design Lab/Lab2/floating_point_adder.v Line: 111
Warning (10230): Verilog HDL assignment warning at floating_point_adder.v(127): truncated value with size 32 to match size of target (5) File: D:/IITB Files/Sem IV/VLSI Design Lab/Lab2/floating_point_adder.v Line: 127
Info (286030): Timing-Driven Synthesis is running
Info (17049): 7 registers lost all their fanouts during netlist optimizations.
Info (144001): Generated suppressed messages file D:/IITB Files/Sem IV/VLSI Design Lab/Lab2/output_files/floating_point_adder.map.smsg
Info (16010): Generating hard_block partition "hard_block:auto_generated_inst"
    Info (16011): Adding 0 node(s), including 0 DDIO, 0 PLL, 0 transceiver and 0 LCELL
Info (21057): Implemented 179 device resources after synthesis - the final resource count might be different
    Info (21058): Implemented 1 input pins
    Info (21059): Implemented 2 output pins
    Info (21061): Implemented 176 logic cells
Info: Quartus Prime Analysis & Synthesis was successful. 0 errors, 8 warnings
    Info: Peak virtual memory: 4802 megabytes
    Info: Processing ended: Mon Jul 19 15:35:47 2021
    Info: Elapsed time: 00:00:17
    Info: Total CPU time (on all processors): 00:00:35


+------------------------------------------+
; Analysis & Synthesis Suppressed Messages ;
+------------------------------------------+
The suppressed messages can be found in D:/IITB Files/Sem IV/VLSI Design Lab/Lab2/output_files/floating_point_adder.map.smsg.


